[[1;34mINFO[m] Scanning for projects...
[[1;34mINFO[m] 
[[1;34mINFO[m] [1m-----------------< [0;36morg.apache.druid:druid-processing[0;1m >------------------[m
[[1;34mINFO[m] [1mBuilding druid-processing 25.0.0-SNAPSHOT[m
[[1;34mINFO[m] [1m--------------------------------[ jar ]---------------------------------[m
[[1;34mINFO[m] 
[[1;34mINFO[m] [1m--- [0;32mmaven-checkstyle-plugin:3.0.0:check[m [1m(validate)[m @ [36mdruid-processing[0;1m ---[m
[[1;34mINFO[m] 
[[1;34mINFO[m] [1m>>> [0;32mmaven-pmd-plugin:3.16.0:check[m [1m(validate)[0;1m > [0;1m:pmd[m @ [36mdruid-processing[0;1m >>>[m
[[1;34mINFO[m] 
[[1;34mINFO[m] [1m--- [0;32mmaven-pmd-plugin:3.16.0:pmd[m [1m(pmd)[m @ [36mdruid-processing[0;1m ---[m
[[1;34mINFO[m] PMD version: 6.42.0
[[1;33mWARNING[m] There are 1 PMD processing errors:
[[1;33mWARNING[m] /home/yenc3/project/druid/processing/src/main/java/org/apache/druid/query/aggregation/JavaScriptAggregatorFactory.java: PMDException: Error while parsing /home/yenc3/project/druid/processing/src/main/java/org/apache/druid/query/aggregation/JavaScriptAggregatorFactory.java
[[1;34mINFO[m] 
[[1;34mINFO[m] [1m<<< [0;32mmaven-pmd-plugin:3.16.0:check[m [1m(validate)[0;1m < [0;1m:pmd[m @ [36mdruid-processing[0;1m <<<[m
[[1;34mINFO[m] 
[[1;34mINFO[m] 
[[1;34mINFO[m] [1m--- [0;32mmaven-pmd-plugin:3.16.0:check[m [1m(validate)[m @ [36mdruid-processing[0;1m ---[m
[[1;34mINFO[m] PMD version: 6.42.0
[[1;34mINFO[m] 
[[1;34mINFO[m] 
[[1;34mINFO[m] [1m--- [0;32mmaven-enforcer-plugin:3.0.0:enforce[m [1m(enforce-maven-version)[m @ [36mdruid-processing[0;1m ---[m
[[1;34mINFO[m] 
[[1;34mINFO[m] [1m--- [0;32mmaven-enforcer-plugin:3.0.0:enforce[m [1m(default-cli)[m @ [36mdruid-processing[0;1m ---[m
[[1;34mINFO[m] 
[[1;34mINFO[m] [1m--- [0;32mgit-commit-id-plugin:2.2.5:revision[m [1m(default)[m @ [36mdruid-processing[0;1m ---[m
[[1;34mINFO[m] 
[[1;34mINFO[m] [1m--- [0;32mjacoco-maven-plugin:0.8.7:prepare-agent[m [1m(prepare-agent)[m @ [36mdruid-processing[0;1m ---[m
[[1;34mINFO[m] jacocoArgLine set to -javaagent:/home/yenc3/.m2/repository/org/jacoco/org.jacoco.agent/0.8.7/org.jacoco.agent-0.8.7-runtime.jar=destfile=/home/yenc3/project/druid/processing/target/jacoco.exec,excludes=org/apache/druid/cli/Cli*:org/apache/druid/cli/GuiceRunnable.class:org/apache/druid/cli/*JettyServerInitializer*:org/apache/druid/server/initialization/*Module*:org/apache/druid/server/initialization/jetty/*Module*:org/apache/druid/guice/http/*:org/apache/druid/math/expr/antlr/Expr*:org/apache/druid/**/generated/*Benchmark*:org/apache/druid/data/input/influx/InfluxLineProtocol*:org/apache/druid/benchmark/**/*:org/apache/druid/**/*Benchmark*:org/apache/druid/testing/**/*:org/apache/druid/server/coordination/ServerManagerForQueryErrorTest.class:org/apache/druid/guice/SleepModule.class:org/apache/druid/guice/CustomNodeRoleClientModule.class:org/apache/druid/cli/CustomNodeRoleCommandCreator.class:org/apache/druid/cli/QueryRetryTestCommandCreator.class:org/apache/druid/query/TruncatedResponseContextException.class:org/apache/druid/common/aws/AWSCredentials*
[[1;34mINFO[m] 
[[1;34mINFO[m] [1m--- [0;32mmaven-remote-resources-plugin:1.5:process[m [1m(process-resource-bundles)[m @ [36mdruid-processing[0;1m ---[m
[[1;34mINFO[m] 
[[1;34mINFO[m] [1m--- [0;32mmaven-resources-plugin:3.2.0:resources[m [1m(default-resources)[m @ [36mdruid-processing[0;1m ---[m
[[1;34mINFO[m] Using 'UTF-8' encoding to copy filtered resources.
[[1;34mINFO[m] Using 'UTF-8' encoding to copy filtered properties files.
[[1;34mINFO[m] skip non existing resourceDirectory /home/yenc3/project/druid/processing/src/main/resources
[[1;34mINFO[m] Copying 3 resources
[[1;34mINFO[m] 
[[1;34mINFO[m] [1m--- [0;32mmaven-compiler-plugin:3.8.1:compile[m [1m(default-compile)[m @ [36mdruid-processing[0;1m ---[m
[[1;34mINFO[m] Nothing to compile - all classes are up to date
[[1;34mINFO[m] 
[[1;34mINFO[m] [1m--- [0;32mforbiddenapis:3.2:check[m [1m(compile)[m @ [36mdruid-processing[0;1m ---[m
[[1;34mINFO[m] Scanning for classes to check...
[[1;34mINFO[m] Reading bundled API signatures: jdk-unsafe-1.8
[[1;34mINFO[m] Reading bundled API signatures: jdk-system-out
[[1;34mINFO[m] Reading API signatures: /home/yenc3/project/druid/codestyle/joda-time-forbidden-apis.txt
[[1;34mINFO[m] Reading API signatures: /home/yenc3/project/druid/codestyle/guava16-forbidden-apis.txt
[[1;34mINFO[m] Reading API signatures: /home/yenc3/project/druid/codestyle/druid-forbidden-apis.txt
[[1;34mINFO[m] Loading classes to check...
[[1;34mINFO[m] Scanning classes for violations...
[[1;34mINFO[m] Scanned 2384 class file(s) for forbidden API invocations (in 1.30s), 0 error(s).
[[1;34mINFO[m] 
[[1;34mINFO[m] [1m--- [0;32mmaven-resources-plugin:3.2.0:testResources[m [1m(default-testResources)[m @ [36mdruid-processing[0;1m ---[m
[[1;34mINFO[m] Using 'UTF-8' encoding to copy filtered resources.
[[1;34mINFO[m] Using 'UTF-8' encoding to copy filtered properties files.
[[1;34mINFO[m] Copying 36 resources
[[1;34mINFO[m] Copying 3 resources
[[1;34mINFO[m] 
[[1;34mINFO[m] [1m--- [0;32mmaven-compiler-plugin:3.8.1:testCompile[m [1m(default-testCompile)[m @ [36mdruid-processing[0;1m ---[m
[[1;34mINFO[m] Nothing to compile - all classes are up to date
[[1;34mINFO[m] 
[[1;34mINFO[m] [1m--- [0;32mforbiddenapis:3.2:testCheck[m [1m(testCompile)[m @ [36mdruid-processing[0;1m ---[m
[[1;34mINFO[m] Scanning for classes to check...
[[1;34mINFO[m] Reading bundled API signatures: jdk-unsafe-1.8
[[1;34mINFO[m] Reading API signatures: /home/yenc3/project/druid/codestyle/joda-time-forbidden-apis.txt
[[1;34mINFO[m] Reading API signatures: /home/yenc3/project/druid/codestyle/guava16-forbidden-apis.txt
[[1;34mINFO[m] Reading API signatures: /home/yenc3/project/druid/codestyle/druid-forbidden-apis.txt
[[1;34mINFO[m] Loading classes to check...
[[1;34mINFO[m] Scanning classes for violations...
[[1;34mINFO[m] Scanned 1055 class file(s) for forbidden API invocations (in 0.79s), 0 error(s).
[[1;34mINFO[m] 
[[1;34mINFO[m] [1m--- [0;32mmaven-surefire-plugin:3.0.0-M7:test[m [1m(default-test)[m @ [36mdruid-processing[0;1m ---[m
[[1;34mINFO[m] Using auto detected provider org.apache.maven.surefire.junitcore.JUnitCoreProvider
[[1;34mINFO[m] 
[[1;34mINFO[m] -------------------------------------------------------
[[1;34mINFO[m]  T E S T S
[[1;34mINFO[m] -------------------------------------------------------
[[1;34mINFO[m] Running org.apache.druid.segment.[1mConstantDimensionSelectorTest[m
[[1;31mERROR[m] [1;31mTests [0;1mrun: [0;1m1[m, Failures: 0, [1;31mErrors: [0;1;31m1[m, Skipped: 0, Time elapsed: 0.032 s[1;31m <<< FAILURE![m - in org.apache.druid.segment.[1mConstantDimensionSelectorTest[m
[[1;31mERROR[m] org.apache.druid.segment.ConstantDimensionSelectorTest.testLookupName  Time elapsed: 0.011 s  <<< ERROR!
java.lang.IllegalStateException: NullHandling module not initialized, call NullHandling.initializeForTests()
	at org.apache.druid.common.config.NullHandling.replaceWithDefault(NullHandling.java:77)
	at org.apache.druid.common.config.NullHandling.isNullOrEquivalent(NullHandling.java:164)
	at org.apache.druid.segment.DimensionSelector.constant(DimensionSelector.java:153)
	at org.apache.druid.segment.ConstantDimensionSelectorTest.<init>(ConstantDimensionSelectorTest.java:31)
	at sun.reflect.NativeConstructorAccessorImpl.newInstance0(Native Method)
	at sun.reflect.NativeConstructorAccessorImpl.newInstance(NativeConstructorAccessorImpl.java:62)
	at sun.reflect.DelegatingConstructorAccessorImpl.newInstance(DelegatingConstructorAccessorImpl.java:45)
	at java.lang.reflect.Constructor.newInstance(Constructor.java:423)
	at org.junit.runners.BlockJUnit4ClassRunner.createTest(BlockJUnit4ClassRunner.java:250)
	at org.junit.runners.BlockJUnit4ClassRunner.createTest(BlockJUnit4ClassRunner.java:260)
	at org.junit.runners.BlockJUnit4ClassRunner$2.runReflectiveCall(BlockJUnit4ClassRunner.java:309)
	at org.junit.internal.runners.model.ReflectiveCallable.run(ReflectiveCallable.java:12)
	at org.junit.runners.BlockJUnit4ClassRunner.methodBlock(BlockJUnit4ClassRunner.java:306)
	at org.junit.runners.BlockJUnit4ClassRunner$1.evaluate(BlockJUnit4ClassRunner.java:100)
	at org.junit.runners.ParentRunner.runLeaf(ParentRunner.java:366)
	at org.junit.runners.BlockJUnit4ClassRunner.runChild(BlockJUnit4ClassRunner.java:103)
	at org.junit.runners.BlockJUnit4ClassRunner.runChild(BlockJUnit4ClassRunner.java:63)
	at org.junit.runners.ParentRunner$4.run(ParentRunner.java:331)
	at org.junit.runners.ParentRunner$1.schedule(ParentRunner.java:79)
	at org.junit.runners.ParentRunner.runChildren(ParentRunner.java:329)
	at org.junit.runners.ParentRunner.access$100(ParentRunner.java:66)
	at org.junit.runners.ParentRunner$2.evaluate(ParentRunner.java:293)
	at org.junit.runners.ParentRunner$3.evaluate(ParentRunner.java:306)
	at org.junit.runners.ParentRunner.run(ParentRunner.java:413)
	at org.junit.runners.Suite.runChild(Suite.java:128)
	at org.junit.runners.Suite.runChild(Suite.java:27)
	at org.junit.runners.ParentRunner$4.run(ParentRunner.java:331)
	at org.junit.runners.ParentRunner$1.schedule(ParentRunner.java:79)
	at org.junit.runners.ParentRunner.runChildren(ParentRunner.java:329)
	at org.junit.runners.ParentRunner.access$100(ParentRunner.java:66)
	at org.junit.runners.ParentRunner$2.evaluate(ParentRunner.java:293)
	at org.junit.runners.ParentRunner$3.evaluate(ParentRunner.java:306)
	at org.junit.runners.ParentRunner.run(ParentRunner.java:413)
	at org.apache.maven.surefire.junitcore.JUnitCore.run(JUnitCore.java:55)
	at org.apache.maven.surefire.junitcore.JUnitCoreWrapper.createRequestAndRun(JUnitCoreWrapper.java:137)
	at org.apache.maven.surefire.junitcore.JUnitCoreWrapper.executeEager(JUnitCoreWrapper.java:107)
	at org.apache.maven.surefire.junitcore.JUnitCoreWrapper.execute(JUnitCoreWrapper.java:83)
	at org.apache.maven.surefire.junitcore.JUnitCoreWrapper.execute(JUnitCoreWrapper.java:75)
	at org.apache.maven.surefire.junitcore.JUnitCoreProvider.invoke(JUnitCoreProvider.java:158)
	at org.apache.maven.surefire.booter.ForkedBooter.runSuitesInProcess(ForkedBooter.java:456)
	at org.apache.maven.surefire.booter.ForkedBooter.execute(ForkedBooter.java:169)
	at org.apache.maven.surefire.booter.ForkedBooter.run(ForkedBooter.java:595)
	at org.apache.maven.surefire.booter.ForkedBooter.main(ForkedBooter.java:581)

[[1;31mERROR[m] [1;31mTests [0;1mrun: [0;1m1[m, Failures: 0, [1;31mErrors: [0;1;31m1[m, Skipped: 0, Time elapsed: 0.143 s[1;31m <<< FAILURE![m - in org.apache.druid.segment.[1mConstantDimensionSelectorTest[m
[[1;31mERROR[m] org.apache.druid.segment.ConstantDimensionSelectorTest.testLookupName  Time elapsed: 0 s  <<< ERROR!
java.lang.IllegalStateException: NullHandling module not initialized, call NullHandling.initializeForTests()
	at org.apache.druid.common.config.NullHandling.replaceWithDefault(NullHandling.java:77)
	at org.apache.druid.common.config.NullHandling.isNullOrEquivalent(NullHandling.java:164)
	at org.apache.druid.segment.DimensionSelector.constant(DimensionSelector.java:153)
	at org.apache.druid.segment.ConstantDimensionSelectorTest.<init>(ConstantDimensionSelectorTest.java:31)
	at sun.reflect.NativeConstructorAccessorImpl.newInstance0(Native Method)
	at sun.reflect.NativeConstructorAccessorImpl.newInstance(NativeConstructorAccessorImpl.java:62)
	at sun.reflect.DelegatingConstructorAccessorImpl.newInstance(DelegatingConstructorAccessorImpl.java:45)
	at java.lang.reflect.Constructor.newInstance(Constructor.java:423)
	at org.junit.runners.BlockJUnit4ClassRunner.createTest(BlockJUnit4ClassRunner.java:250)
	at org.junit.runners.BlockJUnit4ClassRunner.createTest(BlockJUnit4ClassRunner.java:260)
	at org.junit.runners.BlockJUnit4ClassRunner$2.runReflectiveCall(BlockJUnit4ClassRunner.java:309)
	at org.junit.internal.runners.model.ReflectiveCallable.run(ReflectiveCallable.java:12)
	at org.junit.runners.BlockJUnit4ClassRunner.methodBlock(BlockJUnit4ClassRunner.java:306)
	at org.junit.runners.BlockJUnit4ClassRunner$1.evaluate(BlockJUnit4ClassRunner.java:100)
	at org.junit.runners.ParentRunner.runLeaf(ParentRunner.java:366)
	at org.junit.runners.BlockJUnit4ClassRunner.runChild(BlockJUnit4ClassRunner.java:103)
	at org.junit.runners.BlockJUnit4ClassRunner.runChild(BlockJUnit4ClassRunner.java:63)
	at org.junit.runners.ParentRunner$4.run(ParentRunner.java:331)
	at org.junit.runners.ParentRunner$1.schedule(ParentRunner.java:79)
	at org.junit.runners.ParentRunner.runChildren(ParentRunner.java:329)
	at org.junit.runners.ParentRunner.access$100(ParentRunner.java:66)
	at org.junit.runners.ParentRunner$2.evaluate(ParentRunner.java:293)
	at org.junit.runners.ParentRunner$3.evaluate(ParentRunner.java:306)
	at org.junit.runners.ParentRunner.run(ParentRunner.java:413)
	at org.junit.runners.Suite.runChild(Suite.java:128)
	at org.junit.runners.Suite.runChild(Suite.java:27)
	at org.junit.runners.ParentRunner$4.run(ParentRunner.java:331)
	at org.junit.runners.ParentRunner$1.schedule(ParentRunner.java:79)
	at org.junit.runners.ParentRunner.runChildren(ParentRunner.java:329)
	at org.junit.runners.ParentRunner.access$100(ParentRunner.java:66)
	at org.junit.runners.ParentRunner$2.evaluate(ParentRunner.java:293)
	at org.junit.runners.ParentRunner$3.evaluate(ParentRunner.java:306)
	at org.junit.runners.ParentRunner.run(ParentRunner.java:413)
	at org.apache.maven.surefire.junitcore.JUnitCore.run(JUnitCore.java:55)
	at org.apache.maven.surefire.junitcore.JUnitCoreWrapper.createRequestAndRun(JUnitCoreWrapper.java:137)
	at org.apache.maven.surefire.junitcore.JUnitCoreWrapper.executeEager(JUnitCoreWrapper.java:107)
	at org.apache.maven.surefire.junitcore.JUnitCoreWrapper.execute(JUnitCoreWrapper.java:83)
	at org.apache.maven.surefire.junitcore.JUnitCoreWrapper.execute(JUnitCoreWrapper.java:69)
	at org.apache.maven.surefire.junitcore.JUnitCoreProvider.invoke(JUnitCoreProvider.java:174)
	at org.apache.maven.surefire.booter.ForkedBooter.runSuitesInProcess(ForkedBooter.java:456)
	at org.apache.maven.surefire.booter.ForkedBooter.execute(ForkedBooter.java:169)
	at org.apache.maven.surefire.booter.ForkedBooter.run(ForkedBooter.java:595)
	at org.apache.maven.surefire.booter.ForkedBooter.main(ForkedBooter.java:581)

[[1;31mERROR[m] [1;31mTests [0;1mrun: [0;1m1[m, Failures: 0, [1;31mErrors: [0;1;31m1[m, Skipped: 0, Time elapsed: 0.188 s[1;31m <<< FAILURE![m - in org.apache.druid.segment.[1mConstantDimensionSelectorTest[m
[[1;31mERROR[m] org.apache.druid.segment.ConstantDimensionSelectorTest.testLookupName  Time elapsed: 0 s  <<< ERROR!
java.lang.IllegalStateException: NullHandling module not initialized, call NullHandling.initializeForTests()
	at org.apache.druid.common.config.NullHandling.replaceWithDefault(NullHandling.java:77)
	at org.apache.druid.common.config.NullHandling.isNullOrEquivalent(NullHandling.java:164)
	at org.apache.druid.segment.DimensionSelector.constant(DimensionSelector.java:153)
	at org.apache.druid.segment.ConstantDimensionSelectorTest.<init>(ConstantDimensionSelectorTest.java:31)
	at sun.reflect.NativeConstructorAccessorImpl.newInstance0(Native Method)
	at sun.reflect.NativeConstructorAccessorImpl.newInstance(NativeConstructorAccessorImpl.java:62)
	at sun.reflect.DelegatingConstructorAccessorImpl.newInstance(DelegatingConstructorAccessorImpl.java:45)
	at java.lang.reflect.Constructor.newInstance(Constructor.java:423)
	at org.junit.runners.BlockJUnit4ClassRunner.createTest(BlockJUnit4ClassRunner.java:250)
	at org.junit.runners.BlockJUnit4ClassRunner.createTest(BlockJUnit4ClassRunner.java:260)
	at org.junit.runners.BlockJUnit4ClassRunner$2.runReflectiveCall(BlockJUnit4ClassRunner.java:309)
	at org.junit.internal.runners.model.ReflectiveCallable.run(ReflectiveCallable.java:12)
	at org.junit.runners.BlockJUnit4ClassRunner.methodBlock(BlockJUnit4ClassRunner.java:306)
	at org.junit.runners.BlockJUnit4ClassRunner$1.evaluate(BlockJUnit4ClassRunner.java:100)
	at org.junit.runners.ParentRunner.runLeaf(ParentRunner.java:366)
	at org.junit.runners.BlockJUnit4ClassRunner.runChild(BlockJUnit4ClassRunner.java:103)
	at org.junit.runners.BlockJUnit4ClassRunner.runChild(BlockJUnit4ClassRunner.java:63)
	at org.junit.runners.ParentRunner$4.run(ParentRunner.java:331)
	at org.junit.runners.ParentRunner$1.schedule(ParentRunner.java:79)
	at org.junit.runners.ParentRunner.runChildren(ParentRunner.java:329)
	at org.junit.runners.ParentRunner.access$100(ParentRunner.java:66)
	at org.junit.runners.ParentRunner$2.evaluate(ParentRunner.java:293)
	at org.junit.runners.ParentRunner$3.evaluate(ParentRunner.java:306)
	at org.junit.runners.ParentRunner.run(ParentRunner.java:413)
	at org.junit.runners.Suite.runChild(Suite.java:128)
	at org.junit.runners.Suite.runChild(Suite.java:27)
	at org.junit.runners.ParentRunner$4.run(ParentRunner.java:331)
	at org.junit.runners.ParentRunner$1.schedule(ParentRunner.java:79)
	at org.junit.runners.ParentRunner.runChildren(ParentRunner.java:329)
	at org.junit.runners.ParentRunner.access$100(ParentRunner.java:66)
	at org.junit.runners.ParentRunner$2.evaluate(ParentRunner.java:293)
	at org.junit.runners.ParentRunner$3.evaluate(ParentRunner.java:306)
	at org.junit.runners.ParentRunner.run(ParentRunner.java:413)
	at org.apache.maven.surefire.junitcore.JUnitCore.run(JUnitCore.java:55)
	at org.apache.maven.surefire.junitcore.JUnitCoreWrapper.createRequestAndRun(JUnitCoreWrapper.java:137)
	at org.apache.maven.surefire.junitcore.JUnitCoreWrapper.executeEager(JUnitCoreWrapper.java:107)
	at org.apache.maven.surefire.junitcore.JUnitCoreWrapper.execute(JUnitCoreWrapper.java:83)
	at org.apache.maven.surefire.junitcore.JUnitCoreWrapper.execute(JUnitCoreWrapper.java:69)
	at org.apache.maven.surefire.junitcore.JUnitCoreProvider.invoke(JUnitCoreProvider.java:174)
	at org.apache.maven.surefire.booter.ForkedBooter.runSuitesInProcess(ForkedBooter.java:456)
	at org.apache.maven.surefire.booter.ForkedBooter.execute(ForkedBooter.java:169)
	at org.apache.maven.surefire.booter.ForkedBooter.run(ForkedBooter.java:595)
	at org.apache.maven.surefire.booter.ForkedBooter.main(ForkedBooter.java:581)

[[1;31mERROR[m] [1;31mTests [0;1mrun: [0;1m1[m, Failures: 0, [1;31mErrors: [0;1;31m1[m, Skipped: 0, Time elapsed: 0.23 s[1;31m <<< FAILURE![m - in org.apache.druid.segment.[1mConstantDimensionSelectorTest[m
[[1;31mERROR[m] org.apache.druid.segment.ConstantDimensionSelectorTest.testLookupName  Time elapsed: 0 s  <<< ERROR!
java.lang.IllegalStateException: NullHandling module not initialized, call NullHandling.initializeForTests()
	at org.apache.druid.common.config.NullHandling.replaceWithDefault(NullHandling.java:77)
	at org.apache.druid.common.config.NullHandling.isNullOrEquivalent(NullHandling.java:164)
	at org.apache.druid.segment.DimensionSelector.constant(DimensionSelector.java:153)
	at org.apache.druid.segment.ConstantDimensionSelectorTest.<init>(ConstantDimensionSelectorTest.java:31)
	at sun.reflect.NativeConstructorAccessorImpl.newInstance0(Native Method)
	at sun.reflect.NativeConstructorAccessorImpl.newInstance(NativeConstructorAccessorImpl.java:62)
	at sun.reflect.DelegatingConstructorAccessorImpl.newInstance(DelegatingConstructorAccessorImpl.java:45)
	at java.lang.reflect.Constructor.newInstance(Constructor.java:423)
	at org.junit.runners.BlockJUnit4ClassRunner.createTest(BlockJUnit4ClassRunner.java:250)
	at org.junit.runners.BlockJUnit4ClassRunner.createTest(BlockJUnit4ClassRunner.java:260)
	at org.junit.runners.BlockJUnit4ClassRunner$2.runReflectiveCall(BlockJUnit4ClassRunner.java:309)
	at org.junit.internal.runners.model.ReflectiveCallable.run(ReflectiveCallable.java:12)
	at org.junit.runners.BlockJUnit4ClassRunner.methodBlock(BlockJUnit4ClassRunner.java:306)
	at org.junit.runners.BlockJUnit4ClassRunner$1.evaluate(BlockJUnit4ClassRunner.java:100)
	at org.junit.runners.ParentRunner.runLeaf(ParentRunner.java:366)
	at org.junit.runners.BlockJUnit4ClassRunner.runChild(BlockJUnit4ClassRunner.java:103)
	at org.junit.runners.BlockJUnit4ClassRunner.runChild(BlockJUnit4ClassRunner.java:63)
	at org.junit.runners.ParentRunner$4.run(ParentRunner.java:331)
	at org.junit.runners.ParentRunner$1.schedule(ParentRunner.java:79)
	at org.junit.runners.ParentRunner.runChildren(ParentRunner.java:329)
	at org.junit.runners.ParentRunner.access$100(ParentRunner.java:66)
	at org.junit.runners.ParentRunner$2.evaluate(ParentRunner.java:293)
	at org.junit.runners.ParentRunner$3.evaluate(ParentRunner.java:306)
	at org.junit.runners.ParentRunner.run(ParentRunner.java:413)
	at org.junit.runners.Suite.runChild(Suite.java:128)
	at org.junit.runners.Suite.runChild(Suite.java:27)
	at org.junit.runners.ParentRunner$4.run(ParentRunner.java:331)
	at org.junit.runners.ParentRunner$1.schedule(ParentRunner.java:79)
	at org.junit.runners.ParentRunner.runChildren(ParentRunner.java:329)
	at org.junit.runners.ParentRunner.access$100(ParentRunner.java:66)
	at org.junit.runners.ParentRunner$2.evaluate(ParentRunner.java:293)
	at org.junit.runners.ParentRunner$3.evaluate(ParentRunner.java:306)
	at org.junit.runners.ParentRunner.run(ParentRunner.java:413)
	at org.apache.maven.surefire.junitcore.JUnitCore.run(JUnitCore.java:55)
	at org.apache.maven.surefire.junitcore.JUnitCoreWrapper.createRequestAndRun(JUnitCoreWrapper.java:137)
	at org.apache.maven.surefire.junitcore.JUnitCoreWrapper.executeEager(JUnitCoreWrapper.java:107)
	at org.apache.maven.surefire.junitcore.JUnitCoreWrapper.execute(JUnitCoreWrapper.java:83)
	at org.apache.maven.surefire.junitcore.JUnitCoreWrapper.execute(JUnitCoreWrapper.java:69)
	at org.apache.maven.surefire.junitcore.JUnitCoreProvider.invoke(JUnitCoreProvider.java:174)
	at org.apache.maven.surefire.booter.ForkedBooter.runSuitesInProcess(ForkedBooter.java:456)
	at org.apache.maven.surefire.booter.ForkedBooter.execute(ForkedBooter.java:169)
	at org.apache.maven.surefire.booter.ForkedBooter.run(ForkedBooter.java:595)
	at org.apache.maven.surefire.booter.ForkedBooter.main(ForkedBooter.java:581)

[[1;34mINFO[m] 
[[1;34mINFO[m] Results:
[[1;34mINFO[m] 
[[1;31mERROR[m] [1;31mErrors: [m
[[1;31mERROR[m] [1;31morg.apache.druid.segment.ConstantDimensionSelectorTest.testLookupName[m
[[1;31mERROR[m] [1;31m  Run 1: ConstantDimensionSelectorTest.<init>:31 Â» IllegalState NullHandling module not initialized, call NullHandling.initializeForTests()[m
[[1;31mERROR[m] [1;31m  Run 2: ConstantDimensionSelectorTest.<init>:31 Â» IllegalState NullHandling module not initialized, call NullHandling.initializeForTests()[m
[[1;31mERROR[m] [1;31m  Run 3: ConstantDimensionSelectorTest.<init>:31 Â» IllegalState NullHandling module not initialized, call NullHandling.initializeForTests()[m
[[1;31mERROR[m] [1;31m  Run 4: ConstantDimensionSelectorTest.<init>:31 Â» IllegalState NullHandling module not initialized, call NullHandling.initializeForTests()[m
[[1;34mINFO[m] 
[[1;34mINFO[m] 
[[1;31mERROR[m] [1;31mTests run: 1, Failures: 0, Errors: 1, Skipped: 0[m
[[1;34mINFO[m] 
[[1;34mINFO[m] [1m------------------------------------------------------------------------[m
[[1;34mINFO[m] [1;31mBUILD FAILURE[m
[[1;34mINFO[m] [1m------------------------------------------------------------------------[m
[[1;34mINFO[m] Total time:  23.056 s
[[1;34mINFO[m] Finished at: 2022-10-19T19:20:08-05:00
[[1;34mINFO[m] [1m------------------------------------------------------------------------[m
[[1;31mERROR[m] Failed to execute goal [32morg.apache.maven.plugins:maven-surefire-plugin:3.0.0-M7:test[m [1m(default-test)[m on project [36mdruid-processing[m: [1;31m[m
[[1;31mERROR[m] [1;31m[m
[[1;31mERROR[m] [1;31mPlease refer to /home/yenc3/project/druid/processing/target/surefire-reports for the individual test results.[m
[[1;31mERROR[m] [1;31mPlease refer to dump files (if any exist) [date].dump, [date]-jvmRun[N].dump and [date].dumpstream.[m
[[1;31mERROR[m] -> [1m[Help 1][m
[[1;31mERROR[m] 
[[1;31mERROR[m] To see the full stack trace of the errors, re-run Maven with the [1m-e[m switch.
[[1;31mERROR[m] Re-run Maven using the [1m-X[m switch to enable full debug logging.
[[1;31mERROR[m] 
[[1;31mERROR[m] For more information about the errors and possible solutions, please read the following articles:
[[1;31mERROR[m] [1m[Help 1][m http://cwiki.apache.org/confluence/display/MAVEN/MojoFailureException
